<?xml version="1.0" encoding="UTF-8"?>
<!-- Generated by org.testng.reporters.JUnitXMLReporter -->
<testsuite ignored="0" hostname="Apples-MacBook-Pro.local" failures="0" tests="3" name="Tests" time="91.716" errors="0" timestamp="2021-06-27T01:56:32 IST">
  <testcase classname="tests.WelcomeTest" name="scrollWelcomePageImages" time="12.448"/>
  <testcase classname="tests.LoginTest" name="verifyLoginPage" time="13.308"/>
  <testcase classname="tests.CheckoutTest" name="subscribeItem" time="17.076"/>
</testsuite> <!-- Tests -->
