<?xml version="1.0" encoding="UTF-8"?>
<testng-results ignored="0" total="3" passed="3" failed="0" skipped="0">
  <reporter-output>
    <line>
      <![CDATA[All pagination Screens are scrolled]]>
    </line>
    <line>
      <![CDATA[Welcome page is Displayed]]>
    </line>
    <line>
      <![CDATA[close icon is clicked]]>
    </line>
    <line>
      <![CDATA[More Option icon is clicked]]>
    </line>
    <line>
      <![CDATA[Account Button is clicked]]>
    </line>
    <line>
      <![CDATA[Existing Subscription link is clicked]]>
    </line>
    <line>
      <![CDATA[User name is entered]]>
    </line>
    <line>
      <![CDATA[Password is entered]]>
    </line>
    <line>
      <![CDATA[Login is clicked]]>
    </line>
    <line>
      <![CDATA[close icon is clicked]]>
    </line>
    <line>
      <![CDATA[Subscribe Button is clicked]]>
    </line>
    <line>
      <![CDATA[Monthly Subscription link is clicked]]>
    </line>
    <line>
      <![CDATA[Add Credit card Button is clicked]]>
    </line>
    <line>
      <![CDATA[Credit Card option is available and displayed]]>
    </line>
    <line>
      <![CDATA[Credit card num is selected]]>
    </line>
  </reporter-output>
  <suite started-at="2021-06-27T01:54:55 IST" name="Suite" finished-at="2021-06-27T01:56:27 IST" duration-ms="91716">
    <groups>
    </groups>
    <test started-at="2021-06-27T01:54:55 IST" name="Tests" finished-at="2021-06-27T01:56:27 IST" duration-ms="91716">
      <class name="tests.LoginTest">
        <test-method is-config="true" signature="setUp(java.lang.String, java.lang.String, java.lang.String)[pri:0, instance:tests.LoginTest@434a63ab]" started-at="2021-06-27T01:55:25 IST" name="setUp" finished-at="2021-06-27T01:55:40 IST" duration-ms="14917" status="PASS">
          <params>
            <param index="0">
              <value>
                <![CDATA[Android]]>
              </value>
            </param>
            <param index="1">
              <value>
                <![CDATA[11.0]]>
              </value>
            </param>
            <param index="2">
              <value>
                <![CDATA[RZ8N810682Y]]>
              </value>
            </param>
          </params>
          <reporter-output>
          </reporter-output>
        </test-method> <!-- setUp -->
        <test-method is-config="true" signature="beforeMethod(java.lang.reflect.Method)[pri:0, instance:tests.LoginTest@434a63ab]" started-at="2021-06-27T01:55:40 IST" name="beforeMethod" finished-at="2021-06-27T01:55:40 IST" duration-ms="5" status="PASS">
          <params>
            <param index="0">
              <value>
                <![CDATA[public void tests.LoginTest.verifyLoginPage()]]>
              </value>
            </param>
          </params>
          <reporter-output>
          </reporter-output>
        </test-method> <!-- beforeMethod -->
        <test-method signature="verifyLoginPage()[pri:0, instance:tests.LoginTest@434a63ab]" started-at="2021-06-27T01:55:40 IST" name="verifyLoginPage" finished-at="2021-06-27T01:55:53 IST" duration-ms="13308" status="PASS">
          <reporter-output>
            <line>
              <![CDATA[close icon is clicked]]>
            </line>
            <line>
              <![CDATA[More Option icon is clicked]]>
            </line>
            <line>
              <![CDATA[Account Button is clicked]]>
            </line>
            <line>
              <![CDATA[Existing Subscription link is clicked]]>
            </line>
            <line>
              <![CDATA[User name is entered]]>
            </line>
            <line>
              <![CDATA[Password is entered]]>
            </line>
            <line>
              <![CDATA[Login is clicked]]>
            </line>
          </reporter-output>
        </test-method> <!-- verifyLoginPage -->
        <test-method is-config="true" signature="tearDown()[pri:0, instance:tests.LoginTest@434a63ab]" started-at="2021-06-27T01:55:53 IST" name="tearDown" finished-at="2021-06-27T01:55:54 IST" duration-ms="656" status="PASS">
          <reporter-output>
          </reporter-output>
        </test-method> <!-- tearDown -->
      </class> <!-- tests.LoginTest -->
      <class name="tests.WelcomeTest">
        <test-method is-config="true" signature="setUp(java.lang.String, java.lang.String, java.lang.String)[pri:0, instance:tests.WelcomeTest@37d4349f]" started-at="2021-06-27T01:54:55 IST" name="setUp" finished-at="2021-06-27T01:55:12 IST" duration-ms="16709" status="PASS">
          <params>
            <param index="0">
              <value>
                <![CDATA[Android]]>
              </value>
            </param>
            <param index="1">
              <value>
                <![CDATA[11.0]]>
              </value>
            </param>
            <param index="2">
              <value>
                <![CDATA[RZ8N810682Y]]>
              </value>
            </param>
          </params>
          <reporter-output>
          </reporter-output>
        </test-method> <!-- setUp -->
        <test-method is-config="true" signature="beforeMethod(java.lang.reflect.Method)[pri:0, instance:tests.WelcomeTest@37d4349f]" started-at="2021-06-27T01:55:12 IST" name="beforeMethod" finished-at="2021-06-27T01:55:12 IST" duration-ms="107" status="PASS">
          <params>
            <param index="0">
              <value>
                <![CDATA[public void tests.WelcomeTest.scrollWelcomePageImages()]]>
              </value>
            </param>
          </params>
          <reporter-output>
          </reporter-output>
        </test-method> <!-- beforeMethod -->
        <test-method signature="scrollWelcomePageImages()[pri:0, instance:tests.WelcomeTest@37d4349f]" started-at="2021-06-27T01:55:12 IST" name="scrollWelcomePageImages" finished-at="2021-06-27T01:55:25 IST" duration-ms="12448" status="PASS">
          <reporter-output>
            <line>
              <![CDATA[All pagination Screens are scrolled]]>
            </line>
            <line>
              <![CDATA[Welcome page is Displayed]]>
            </line>
          </reporter-output>
        </test-method> <!-- scrollWelcomePageImages -->
        <test-method is-config="true" signature="tearDown()[pri:0, instance:tests.WelcomeTest@37d4349f]" started-at="2021-06-27T01:55:25 IST" name="tearDown" finished-at="2021-06-27T01:55:25 IST" duration-ms="657" status="PASS">
          <reporter-output>
          </reporter-output>
        </test-method> <!-- tearDown -->
      </class> <!-- tests.WelcomeTest -->
      <class name="tests.CheckoutTest">
        <test-method is-config="true" signature="setUp(java.lang.String, java.lang.String, java.lang.String)[pri:0, instance:tests.CheckoutTest@6e0f5f7f]" started-at="2021-06-27T01:55:54 IST" name="setUp" finished-at="2021-06-27T01:56:09 IST" duration-ms="15125" status="PASS">
          <params>
            <param index="0">
              <value>
                <![CDATA[Android]]>
              </value>
            </param>
            <param index="1">
              <value>
                <![CDATA[11.0]]>
              </value>
            </param>
            <param index="2">
              <value>
                <![CDATA[RZ8N810682Y]]>
              </value>
            </param>
          </params>
          <reporter-output>
          </reporter-output>
        </test-method> <!-- setUp -->
        <test-method is-config="true" signature="beforeMethod(java.lang.reflect.Method)[pri:0, instance:tests.CheckoutTest@6e0f5f7f]" started-at="2021-06-27T01:56:09 IST" name="beforeMethod" finished-at="2021-06-27T01:56:09 IST" duration-ms="2" status="PASS">
          <params>
            <param index="0">
              <value>
                <![CDATA[public void tests.CheckoutTest.subscribeItem()]]>
              </value>
            </param>
          </params>
          <reporter-output>
          </reporter-output>
        </test-method> <!-- beforeMethod -->
        <test-method signature="subscribeItem()[pri:0, instance:tests.CheckoutTest@6e0f5f7f]" started-at="2021-06-27T01:56:09 IST" name="subscribeItem" finished-at="2021-06-27T01:56:26 IST" duration-ms="17076" status="PASS">
          <reporter-output>
            <line>
              <![CDATA[close icon is clicked]]>
            </line>
            <line>
              <![CDATA[Subscribe Button is clicked]]>
            </line>
            <line>
              <![CDATA[Monthly Subscription link is clicked]]>
            </line>
            <line>
              <![CDATA[Add Credit card Button is clicked]]>
            </line>
            <line>
              <![CDATA[Credit Card option is available and displayed]]>
            </line>
            <line>
              <![CDATA[Credit card num is selected]]>
            </line>
          </reporter-output>
        </test-method> <!-- subscribeItem -->
        <test-method is-config="true" signature="tearDown()[pri:0, instance:tests.CheckoutTest@6e0f5f7f]" started-at="2021-06-27T01:56:26 IST" name="tearDown" finished-at="2021-06-27T01:56:27 IST" duration-ms="672" status="PASS">
          <reporter-output>
          </reporter-output>
        </test-method> <!-- tearDown -->
      </class> <!-- tests.CheckoutTest -->
    </test> <!-- Tests -->
  </suite> <!-- Suite -->
</testng-results>
